sample.interval=20000
"as.list.default" "as.list" "mayCallBrowserList" "mayCallBrowser" "mayCallBrowserList" "mayCallBrowser" "mayCallBrowserList" "mayCallBrowser" "mayCallBrowserList" "mayCallBrowser" "cmpfun" "doTryCatch" "tryCatchOne" "tryCatchList" "tryCatch" "compiler:::tryCmpfun" "ombc_gmm" 
"putconst" "cb$putcode" "cmpSym" "cmp" "h" "tryInline" "cmpCall" "cmp" "h" "tryInline" "cmpCall" "cmp" "cmpSubsetDispatch" "h" "tryInline" "cmpCall" "cmp" "h" "tryInline" "cmpCall" "cmp" "genCode" "cb$putconst" "cmpCallArgs" "cmpCallSymFun" "cmpCall" "cmp" "cmpSymbolAssign" "h" "tryInline" "cmpCall" "cmp" "h" "tryInline" "cmpCall" "cmp" "cmpForBody" "h" "tryInline" "cmpCall" "cmp" "h" "tryInline" "cmpCall" "cmp" "genCode" "cmpfun" "doTryCatch" "tryCatchOne" "tryCatchList" "tryCatch" "compiler:::tryCmpfun" "ombc_gmm" 
"constantFold" "cmp" "cmpIndices" "cmpSubassignDispatch" "h" "trySetterInline" "cmpSetterCall" "cmpComplexAssign" "h" "tryInline" "cmpCall" "cmp" "h" "tryInline" "cmpCall" "cmp" "cmpForBody" "h" "tryInline" "cmpCall" "cmp" "h" "tryInline" "cmpCall" "cmp" "genCode" "cmpfun" "doTryCatch" "tryCatchOne" "tryCatchList" "tryCatch" "compiler:::tryCmpfun" "ombc_gmm" 
"KMEANS_rcpp" "ClusterR::KMeans_rcpp" "init_kmpp" "ombc_gmm" 
"KMEANS_rcpp" "ClusterR::KMeans_rcpp" "init_kmpp" "ombc_gmm" 
"KMEANS_rcpp" "ClusterR::KMeans_rcpp" "init_kmpp" "ombc_gmm" 
"KMEANS_rcpp" "ClusterR::KMeans_rcpp" "init_kmpp" "ombc_gmm" 
"KMEANS_rcpp" "ClusterR::KMeans_rcpp" "init_kmpp" "ombc_gmm" 
"KMEANS_rcpp" "ClusterR::KMeans_rcpp" "init_kmpp" "ombc_gmm" 
"KMEANS_rcpp" "ClusterR::KMeans_rcpp" "init_kmpp" "ombc_gmm" 
"KMEANS_rcpp" "ClusterR::KMeans_rcpp" "init_kmpp" "ombc_gmm" 
"KMEANS_rcpp" "ClusterR::KMeans_rcpp" "init_kmpp" "ombc_gmm" 
"KMEANS_rcpp" "ClusterR::KMeans_rcpp" "init_kmpp" "ombc_gmm" 
"KMEANS_rcpp" "ClusterR::KMeans_rcpp" "init_kmpp" "ombc_gmm" 
"KMEANS_rcpp" "ClusterR::KMeans_rcpp" "init_kmpp" "ombc_gmm" 
"KMEANS_rcpp" "ClusterR::KMeans_rcpp" "init_kmpp" "ombc_gmm" 
"KMEANS_rcpp" "ClusterR::KMeans_rcpp" "init_kmpp" "ombc_gmm" 
"KMEANS_rcpp" "ClusterR::KMeans_rcpp" "init_kmpp" "ombc_gmm" 
"apply" "mixture::gpcm" "ombc_gmm" 
"main_loop" "mixture::gpcm" "ombc_gmm" 
"main_loop" "mixture::gpcm" "ombc_gmm" 
"main_loop" "mixture::gpcm" "ombc_gmm" 
"main_loop" "mixture::gpcm" "ombc_gmm" 
"apply" "t" "MAP" "mixture::gpcm" "ombc_gmm" 
"apply" "mixture::gpcm" "ombc_gmm" 
"main_loop" "mixture::gpcm" "ombc_gmm" 
"main_loop" "mixture::gpcm" "ombc_gmm" 
"apply" "t" "MAP" "get_best_model" "mixture::gpcm" "ombc_gmm" 
"stats::qbeta" "distrib_diff_mahalanobis" "distrib_diff_gmm" "ombc_gmm" 
"main_loop" "mixture::gpcm" "ombc_gmm" 
"main_loop" "mixture::gpcm" "ombc_gmm" 
"main_loop" "mixture::gpcm" "ombc_gmm" 
"apply" "t" "MAP" "mixture::gpcm" "ombc_gmm" 
"apply" "t" "MAP" "mixture::gpcm" "ombc_gmm" 
"spatstat.univar::ewcdf" "distrib_diff_mahalanobis" "distrib_diff_gmm" "ombc_gmm" 
"main_loop" "mixture::gpcm" "ombc_gmm" 
"main_loop" "mixture::gpcm" "ombc_gmm" 
"max" "FUN" "apply" "t" "MAP" "get_best_model" "mixture::gpcm" "ombc_gmm" 
"stats::qbeta" "distrib_diff_mahalanobis" "distrib_diff_gmm" "ombc_gmm" 
"main_loop" "mixture::gpcm" "ombc_gmm" 
"main_loop" "mixture::gpcm" "ombc_gmm" 
"FUN" "apply" "t" "MAP" "get_best_model" "mixture::gpcm" "ombc_gmm" 
"stats::qbeta" "distrib_diff_mahalanobis" "distrib_diff_gmm" "ombc_gmm" 
"main_loop" "mixture::gpcm" "ombc_gmm" 
"main_loop" "mixture::gpcm" "ombc_gmm" 
"FUN" "apply" "t" "MAP" "mixture::gpcm" "ombc_gmm" 
"pmax" "quantile.default" "stats::quantile" "distrib_diff_mahalanobis" "distrib_diff_gmm" "ombc_gmm" 
"main_loop" "mixture::gpcm" "ombc_gmm" 
"apply" "t" "MAP" "get_best_model" "mixture::gpcm" "ombc_gmm" 
"spatstat.univar::ewcdf" "distrib_diff_mahalanobis" "distrib_diff_gmm" "ombc_gmm" 
"apply" "mixture::gpcm" "ombc_gmm" 
"main_loop" "mixture::gpcm" "ombc_gmm" 
"main_loop" "mixture::gpcm" "ombc_gmm" 
"main_loop" "mixture::gpcm" "ombc_gmm" 
"vapply" "pmax" "pmax" "formatC" "paste0" "format_perc" "quantile.default" "stats::quantile" "distrib_diff_mahalanobis" "distrib_diff_gmm" "ombc_gmm" 
"main_loop" "mixture::gpcm" "ombc_gmm" 
"stats::qbeta" "distrib_diff_mahalanobis" "distrib_diff_gmm" "ombc_gmm" 
"main_loop" "mixture::gpcm" "ombc_gmm" 
"apply" "t" "MAP" "get_best_model" "mixture::gpcm" "ombc_gmm" 
"main_loop" "mixture::gpcm" "ombc_gmm" 
"main_loop" "mixture::gpcm" "ombc_gmm" 
"apply" "mixture::gpcm" "ombc_gmm" 
"tail" "append" "mixture::gpcm" "ombc_gmm" 
"stats::qbeta" "distrib_diff_mahalanobis" "distrib_diff_gmm" "ombc_gmm" 
"main_loop" "mixture::gpcm" "ombc_gmm" 
"stats::qbeta" "distrib_diff_mahalanobis" "distrib_diff_gmm" "ombc_gmm" 
"main_loop" "mixture::gpcm" "ombc_gmm" 
"FUN" "apply" "t" "MAP" "get_best_model" "mixture::gpcm" "ombc_gmm" 
"stats::qbeta" "distrib_diff_mahalanobis" "distrib_diff_gmm" "ombc_gmm" 
"main_loop" "mixture::gpcm" "ombc_gmm" 
"stats::qbeta" "distrib_diff_mahalanobis" "distrib_diff_gmm" "ombc_gmm" 
"main_loop" "mixture::gpcm" "ombc_gmm" 
"apply" "t" "MAP" "mixture::gpcm" "ombc_gmm" 
"main_loop" "mixture::gpcm" "ombc_gmm" 
"FUN" "apply" "t" "MAP" "mixture::gpcm" "ombc_gmm" 
"FUN" "apply" "mixture::gpcm" "ombc_gmm" 
"main_loop" "mixture::gpcm" "ombc_gmm" 
"sys.function" "formals" "match.arg" "sort.list" "fave.order" "spatstat.univar::ewcdf" "distrib_diff_mahalanobis" "distrib_diff_gmm" "ombc_gmm" 
"main_loop" "mixture::gpcm" "ombc_gmm" 
"stats::qbeta" "distrib_diff_mahalanobis" "distrib_diff_gmm" "ombc_gmm" 
"main_loop" "mixture::gpcm" "ombc_gmm" 
"FUN" "apply" "t" "MAP" "mixture::gpcm" "ombc_gmm" 
"main_loop" "mixture::gpcm" "ombc_gmm" 
"max" "FUN" "apply" "t" "MAP" "mixture::gpcm" "ombc_gmm" 
"main_loop" "mixture::gpcm" "ombc_gmm" 
"main_loop" "mixture::gpcm" "ombc_gmm" 
"%*%" "distrib_diff_gmm" "ombc_gmm" 
"main_loop" "mixture::gpcm" "ombc_gmm" 
"exp" "distrib_diff_mahalanobis" "distrib_diff_gmm" "ombc_gmm" 
"main_loop" "mixture::gpcm" "ombc_gmm" 
"distrib_diff_mahalanobis" "distrib_diff_gmm" "ombc_gmm" 
"main_loop" "mixture::gpcm" "ombc_gmm" 
"stats::qbeta" "distrib_diff_mahalanobis" "distrib_diff_gmm" "ombc_gmm" 
"main_loop" "mixture::gpcm" "ombc_gmm" 
"stats::qbeta" "distrib_diff_mahalanobis" "distrib_diff_gmm" "ombc_gmm" 
"apply" "t" "MAP" "get_best_model" "mixture::gpcm" "ombc_gmm" 
"apply" "mixture::gpcm" "ombc_gmm" 
"apply" "t" "MAP" "mixture::gpcm" "ombc_gmm" 
"FUN" "apply" "mixture::gpcm" "ombc_gmm" 
"apply" "t" "MAP" "get_best_model" "mixture::gpcm" "ombc_gmm" 
"apply" "mixture::gpcm" "ombc_gmm" 
"main_loop" "mixture::gpcm" "ombc_gmm" 
"solve" "doTryCatch" "tryCatchOne" "tryCatchList" "tryCatch" "try" "mixture::gpcm" "ombc_gmm" 
"main_loop" "mixture::gpcm" "ombc_gmm" 
"FUN" "apply" "t" "MAP" "mixture::gpcm" "ombc_gmm" 
"main_loop" "mixture::gpcm" "ombc_gmm" 
"stats::qbeta" "distrib_diff_mahalanobis" "distrib_diff_gmm" "ombc_gmm" 
"main_loop" "mixture::gpcm" "ombc_gmm" 
"as.numeric" "MAP" "get_best_model" "mixture::gpcm" "ombc_gmm" 
"main_loop" "mixture::gpcm" "ombc_gmm" 
"FUN" "vapply" "pmin" "seq.default" "seq" "distrib_diff_mahalanobis" "distrib_diff_gmm" "ombc_gmm" 
"main_loop" "mixture::gpcm" "ombc_gmm" 
"stats::qbeta" "distrib_diff_mahalanobis" "distrib_diff_gmm" "ombc_gmm" 
"main_loop" "mixture::gpcm" "ombc_gmm" 
"stats::qbeta" "distrib_diff_mahalanobis" "distrib_diff_gmm" "ombc_gmm" 
"main_loop" "mixture::gpcm" "ombc_gmm" 
"solve" "stats::mahalanobis" "distrib_diff_mahalanobis" "distrib_diff_gmm" "ombc_gmm" 
"main_loop" "mixture::gpcm" "ombc_gmm" 
"apply" "t" "MAP" "mixture::gpcm" "ombc_gmm" 
"apply" "mixture::gpcm" "ombc_gmm" 
"FUN" "apply" "t" "MAP" "get_best_model" "mixture::gpcm" "ombc_gmm" 
"apply" "mixture::gpcm" "ombc_gmm" 
"FUN" "apply" "t" "MAP" "get_best_model" "mixture::gpcm" "ombc_gmm" 
"FUN" "apply" "mixture::gpcm" "ombc_gmm" 
"apply" "t" "MAP" "mixture::gpcm" "ombc_gmm" 
"is.na" "FUN" "apply" "mixture::gpcm" "ombc_gmm" 
"max" "FUN" "apply" "t" "MAP" "get_best_model" "mixture::gpcm" "ombc_gmm" 
"apply" "mixture::gpcm" "ombc_gmm" 
"apply" "t" "MAP" "mixture::gpcm" "ombc_gmm" 
"main_loop" "mixture::gpcm" "ombc_gmm" 
"stats::qbeta" "distrib_diff_mahalanobis" "distrib_diff_gmm" "ombc_gmm" 
"main_loop" "mixture::gpcm" "ombc_gmm" 
"stats::qbeta" "distrib_diff_mahalanobis" "distrib_diff_gmm" "ombc_gmm" 
"main_loop" "mixture::gpcm" "ombc_gmm" 
"eval" "match.arg" "sort.int" "sort.default" "sort" "sort.list" "fave.order" "spatstat.univar::ewcdf" "distrib_diff_mahalanobis" "distrib_diff_gmm" "ombc_gmm" 
"main_loop" "mixture::gpcm" "ombc_gmm" 
"rowSums" "setNames" "stats::mahalanobis" "distrib_diff_mahalanobis" "distrib_diff_gmm" "ombc_gmm" 
"main_loop" "mixture::gpcm" "ombc_gmm" 
"FUN" "apply" "mixture::gpcm" "ombc_gmm" 
"apply" "t" "MAP" "mixture::gpcm" "ombc_gmm" 
"main_loop" "mixture::gpcm" "ombc_gmm" 
"lengths" "apply" "t" "MAP" "get_best_model" "mixture::gpcm" "ombc_gmm" 
"main_loop" "mixture::gpcm" "ombc_gmm" 
"stats::qbeta" "distrib_diff_mahalanobis" "distrib_diff_gmm" "ombc_gmm" 
"main_loop" "mixture::gpcm" "ombc_gmm" 
"stats::qbeta" "distrib_diff_mahalanobis" "distrib_diff_gmm" "ombc_gmm" 
"main_loop" "mixture::gpcm" "ombc_gmm" 
"stats::qbeta" "distrib_diff_mahalanobis" "distrib_diff_gmm" "ombc_gmm" 
"apply" "t" "MAP" "get_best_model" "mixture::gpcm" "ombc_gmm" 
"is.na" "sort.int" "sort.default" "sort" "sort.list" "fave.order" "spatstat.univar::ewcdf" "distrib_diff_mahalanobis" "distrib_diff_gmm" "ombc_gmm" 
"main_loop" "mixture::gpcm" "ombc_gmm" 
"apply" "t" "MAP" "mixture::gpcm" "ombc_gmm" 
"main_loop" "mixture::gpcm" "ombc_gmm" 
"stopifnot" "quantile.default" "stats::quantile" "distrib_diff_mahalanobis" "distrib_diff_gmm" "ombc_gmm" 
"main_loop" "mixture::gpcm" "ombc_gmm" 
"stats::qbeta" "distrib_diff_mahalanobis" "distrib_diff_gmm" "ombc_gmm" 
"main_loop" "mixture::gpcm" "ombc_gmm" 
"sort.int" "sort.default" "sort" "sort.list" "fave.order" "spatstat.univar::ewcdf" "distrib_diff_mahalanobis" "distrib_diff_gmm" "ombc_gmm" 
"main_loop" "mixture::gpcm" "ombc_gmm" 
"stats::qbeta" "distrib_diff_mahalanobis" "distrib_diff_gmm" "ombc_gmm" 
"main_loop" "mixture::gpcm" "ombc_gmm" 
"apply" "mixture::gpcm" "ombc_gmm" 
"matrix" "construct_BIC_3D" "mixture::gpcm" "ombc_gmm" 
"main_loop" "mixture::gpcm" "ombc_gmm" 
"FUN" "apply" "t" "MAP" "get_best_model" "mixture::gpcm" "ombc_gmm" 
"apply" "mixture::gpcm" "ombc_gmm" 
"max" "FUN" "apply" "t" "MAP" "get_best_model" "mixture::gpcm" "ombc_gmm" 
"apply" "mixture::gpcm" "ombc_gmm" 
"apply" "t" "MAP" "mixture::gpcm" "ombc_gmm" 
"FUN" "apply" "mixture::gpcm" "ombc_gmm" 
"apply" "t" "MAP" "mixture::gpcm" "ombc_gmm" 
"main_loop" "mixture::gpcm" "ombc_gmm" 
"stats::qbeta" "distrib_diff_mahalanobis" "distrib_diff_gmm" "ombc_gmm" 
"main_loop" "mixture::gpcm" "ombc_gmm" 
"FUN" "apply" "t" "MAP" "mixture::gpcm" "ombc_gmm" 
"main_loop" "mixture::gpcm" "ombc_gmm" 
"stats::qbeta" "distrib_diff_mahalanobis" "distrib_diff_gmm" "ombc_gmm" 
"main_loop" "mixture::gpcm" "ombc_gmm" 
".approxfun" "mahala_ewcdf_g_func" "distrib_diff_mahalanobis" "distrib_diff_gmm" "ombc_gmm" 
"max" "FUN" "apply" "t" "MAP" "get_best_model" "mixture::gpcm" "ombc_gmm" 
"main_loop" "mixture::gpcm" "ombc_gmm" 
"apply" "t" "MAP" "get_best_model" "mixture::gpcm" "ombc_gmm" 
"stats::qbeta" "distrib_diff_mahalanobis" "distrib_diff_gmm" "ombc_gmm" 
"main_loop" "mixture::gpcm" "ombc_gmm" 
"stats::qbeta" "distrib_diff_mahalanobis" "distrib_diff_gmm" "ombc_gmm" 
"main_loop" "mixture::gpcm" "ombc_gmm" 
"sort.int" "sort.default" "sort" "sort.list" "fave.order" "spatstat.univar::ewcdf" "distrib_diff_mahalanobis" "distrib_diff_gmm" "ombc_gmm" 
"main_loop" "mixture::gpcm" "ombc_gmm" 
"stats::qbeta" "distrib_diff_mahalanobis" "distrib_diff_gmm" "ombc_gmm" 
"max" "FUN" "apply" "t" "MAP" "get_best_model" "mixture::gpcm" "ombc_gmm" 
"formatC" "paste0" "format_perc" "quantile.default" "stats::quantile" "distrib_diff_mahalanobis" "distrib_diff_gmm" "ombc_gmm" 
"main_loop" "mixture::gpcm" "ombc_gmm" 
"stats::qbeta" "distrib_diff_mahalanobis" "distrib_diff_gmm" "ombc_gmm" 
"apply" "t" "MAP" "get_best_model" "mixture::gpcm" "ombc_gmm" 
"apply" "mixture::gpcm" "ombc_gmm" 
"main_loop" "mixture::gpcm" "ombc_gmm" 
"main_loop" "mixture::gpcm" "ombc_gmm" 
"stats::qbeta" "distrib_diff_mahalanobis" "distrib_diff_gmm" "ombc_gmm" 
"main_loop" "mixture::gpcm" "ombc_gmm" 
"apply" "t" "MAP" "mixture::gpcm" "ombc_gmm" 
"main_loop" "mixture::gpcm" "ombc_gmm" 
"stats::qbeta" "distrib_diff_mahalanobis" "distrib_diff_gmm" "ombc_gmm" 
"main_loop" "mixture::gpcm" "ombc_gmm" 
"KMEANS_rcpp" "ClusterR::KMeans_rcpp" "init_kmpp" "ombc_gmm" 
"KMEANS_rcpp" "ClusterR::KMeans_rcpp" "init_kmpp" "ombc_gmm" 
"KMEANS_rcpp" "ClusterR::KMeans_rcpp" "init_kmpp" "ombc_gmm" 
"KMEANS_rcpp" "ClusterR::KMeans_rcpp" "init_kmpp" "ombc_gmm" 
"KMEANS_rcpp" "ClusterR::KMeans_rcpp" "init_kmpp" "ombc_gmm" 
"KMEANS_rcpp" "ClusterR::KMeans_rcpp" "init_kmpp" "ombc_gmm" 
"KMEANS_rcpp" "ClusterR::KMeans_rcpp" "init_kmpp" "ombc_gmm" 
"KMEANS_rcpp" "ClusterR::KMeans_rcpp" "init_kmpp" "ombc_gmm" 
"KMEANS_rcpp" "ClusterR::KMeans_rcpp" "init_kmpp" "ombc_gmm" 
"apply" "mixture::gpcm" "ombc_gmm" 
"main_loop" "mixture::gpcm" "ombc_gmm" 
"FUN" "apply" "t" "MAP" "mixture::gpcm" "ombc_gmm" 
"main_loop" "mixture::gpcm" "ombc_gmm" 
"KMEANS_rcpp" "ClusterR::KMeans_rcpp" "init_kmpp" "ombc_gmm" 
"KMEANS_rcpp" "ClusterR::KMeans_rcpp" "init_kmpp" "ombc_gmm" 
"KMEANS_rcpp" "ClusterR::KMeans_rcpp" "init_kmpp" "ombc_gmm" 
"KMEANS_rcpp" "ClusterR::KMeans_rcpp" "init_kmpp" "ombc_gmm" 
"KMEANS_rcpp" "ClusterR::KMeans_rcpp" "init_kmpp" "ombc_gmm" 
"KMEANS_rcpp" "ClusterR::KMeans_rcpp" "init_kmpp" "ombc_gmm" 
"KMEANS_rcpp" "ClusterR::KMeans_rcpp" "init_kmpp" "ombc_gmm" 
"KMEANS_rcpp" "ClusterR::KMeans_rcpp" "init_kmpp" "ombc_gmm" 
"main_loop" "mixture::gpcm" "ombc_gmm" 
"main_loop" "mixture::gpcm" "ombc_gmm" 
"main_loop" "mixture::gpcm" "ombc_gmm" 
"apply" "t" "MAP" "get_best_model" "mixture::gpcm" "ombc_gmm" 
"KMEANS_rcpp" "ClusterR::KMeans_rcpp" "init_kmpp" "ombc_gmm" 
"KMEANS_rcpp" "ClusterR::KMeans_rcpp" "init_kmpp" "ombc_gmm" 
"KMEANS_rcpp" "ClusterR::KMeans_rcpp" "init_kmpp" "ombc_gmm" 
"KMEANS_rcpp" "ClusterR::KMeans_rcpp" "init_kmpp" "ombc_gmm" 
"KMEANS_rcpp" "ClusterR::KMeans_rcpp" "init_kmpp" "ombc_gmm" 
"KMEANS_rcpp" "ClusterR::KMeans_rcpp" "init_kmpp" "ombc_gmm" 
"KMEANS_rcpp" "ClusterR::KMeans_rcpp" "init_kmpp" "ombc_gmm" 
"KMEANS_rcpp" "ClusterR::KMeans_rcpp" "init_kmpp" "ombc_gmm" 
"KMEANS_rcpp" "ClusterR::KMeans_rcpp" "init_kmpp" "ombc_gmm" 
"main_loop" "mixture::gpcm" "ombc_gmm" 
"apply" "t" "MAP" "mixture::gpcm" "ombc_gmm" 
"main_loop" "mixture::gpcm" "ombc_gmm" 
"KMEANS_rcpp" "ClusterR::KMeans_rcpp" "init_kmpp" "ombc_gmm" 
"KMEANS_rcpp" "ClusterR::KMeans_rcpp" "init_kmpp" "ombc_gmm" 
"KMEANS_rcpp" "ClusterR::KMeans_rcpp" "init_kmpp" "ombc_gmm" 
"KMEANS_rcpp" "ClusterR::KMeans_rcpp" "init_kmpp" "ombc_gmm" 
"KMEANS_rcpp" "ClusterR::KMeans_rcpp" "init_kmpp" "ombc_gmm" 
"KMEANS_rcpp" "ClusterR::KMeans_rcpp" "init_kmpp" "ombc_gmm" 
"KMEANS_rcpp" "ClusterR::KMeans_rcpp" "init_kmpp" "ombc_gmm" 
"KMEANS_rcpp" "ClusterR::KMeans_rcpp" "init_kmpp" "ombc_gmm" 
"main_loop" "mixture::gpcm" "ombc_gmm" 
"main_loop" "mixture::gpcm" "ombc_gmm" 
